#
# There is insufficient memory for the Java Runtime Environment to continue.
# Native memory allocation (mmap) failed to map 132120576 bytes for Failed to commit area from 0x0000000083c00000 to 0x000000008ba00000 of length 132120576.
# Possible reasons:
#   The system is out of physical RAM or swap space
#   The process is running with CompressedOops enabled, and the Java Heap may be blocking the growth of the native heap
# Possible solutions:
#   Reduce memory load on the system
#   Increase physical memory or swap space
#   Check if swap backing store is full
#   Decrease Java heap size (-Xmx/-Xms)
#   Decrease number of Java threads
#   Decrease Java thread stack sizes (-Xss)
#   Set larger code cache with -XX:ReservedCodeCacheSize=
# This output file may be truncated or incomplete.
#
#  Out of Memory Error (./src/hotspot/os/windows/os_windows.cpp:3301), pid=6116, tid=18292
#
# JRE version:  (11.0.11+9) (build )
# Java VM: OpenJDK 64-Bit Server VM (11.0.11+9-b1341.60, mixed mode, sharing, tiered, compressed oops, g1 gc, windows-amd64)
# No core dump will be written. Minidumps are not enabled by default on client versions of Windows
#

---------------  S U M M A R Y ------------

Command Line: org.jetbrains.git4idea.http.GitAskPassApp Username for 'https://gitlab.com': 

Host: Intel(R) Core(TM) i3-10110U CPU @ 2.10GHz, 4 cores, 7G,  Windows 10 , 64 bit Build 18362 (10.0.18362.329)
Time: Mon Jan  3 12:01:10 2022 Bangladesh Standard Time elapsed time: 0.015980 seconds (0d 0h 0m 0s)

---------------  T H R E A D  ---------------

Current thread (0x0000027848979800):  JavaThread "Unknown thread" [_thread_in_vm, id=18292, stack(0x0000009468600000,0x0000009468700000)]

Stack: [0x0000009468600000,0x0000009468700000]
Native frames: (J=compiled Java code, j=interpreted, Vv=VM code, C=native code)
V  [jvm.dll+0x5f5c8a]
V  [jvm.dll+0x779405]
V  [jvm.dll+0x77aa1d]
V  [jvm.dll+0x77b0d3]
V  [jvm.dll+0x244bc8]
V  [jvm.dll+0x5f3084]
V  [jvm.dll+0x5e7fe5]
V  [jvm.dll+0x30098b]
V  [jvm.dll+0x3008fa]
V  [jvm.dll+0x3007d2]
V  [jvm.dll+0x3056b6]
V  [jvm.dll+0x34e353]
V  [jvm.dll+0x34ea56]
V  [jvm.dll+0x34e453]
V  [jvm.dll+0x2db398]
V  [jvm.dll+0x2dc547]
V  [jvm.dll+0x757bf7]
V  [jvm.dll+0x7593ec]
V  [jvm.dll+0x35b8d9]
V  [jvm.dll+0x73b38e]
V  [jvm.dll+0x3c3cc3]
V  [jvm.dll+0x3c60e1]
C  [jli.dll+0x5373]
C  [ucrtbase.dll+0x20e72]
C  [KERNEL32.DLL+0x17bd4]
C  [ntdll.dll+0x6ced1]


---------------  P R O C E S S  ---------------

Threads class SMR info:
_java_thread_list=0x0000027846733bd0, length=0, elements={
}

Java Threads: ( => current thread )

Other Threads:
  0x0000027848994800 GCTaskThread "GC Thread#0" [stack: 0x0000009468700000,0x0000009468800000] [id=17664]
  0x00000278489c4800 ConcurrentGCThread "G1 Main Marker" [stack: 0x0000009468800000,0x0000009468900000] [id=13340]
  0x00000278489c6000 ConcurrentGCThread "G1 Conc#0" [stack: 0x0000009468900000,0x0000009468a00000] [id=17280]

[error occurred during error reporting (printing all threads), id 0xc0000005, EXCEPTION_ACCESS_VIOLATION (0xc0000005) at pc=0x00007ffb8937b9f7]

VM state:not at safepoint (not fully initialized)

VM Mutex/Monitor currently owned by a thread:  ([mutex/lock_event])
[0x0000027848975b60] Heap_lock - owner thread: 0x0000027848979800

Heap address: 0x0000000083c00000, size: 1988 MB, Compressed Oops mode: Non-zero based: 0x0000000083c00000
Narrow klass base: 0x0000000000000000, Narrow klass shift: 0

GC Heap History (0 events):
No events

Deoptimization events (0 events):
No events

Classes redefined (0 events):
No events

Internal exceptions (0 events):
No events

Events (1 events):
Event: 0.010 Loaded shared library C:\Program Files\JetBrains\PhpStorm 2020.3.2\jbr\bin\zip.dll


Dynamic libraries:
0x00007ff6ac200000 - 0x00007ff6ac20a000 	C:\Program Files\JetBrains\PhpStorm 2020.3.2\jbr\bin\java.exe
0x00007ffba3260000 - 0x00007ffba3450000 	C:\Windows\SYSTEM32\ntdll.dll
0x00007ffba1e50000 - 0x00007ffba1f02000 	C:\Windows\System32\KERNEL32.DLL
0x00007ffba0780000 - 0x00007ffba0a23000 	C:\Windows\System32\KERNELBASE.dll
0x00007ffba0530000 - 0x00007ffba062a000 	C:\Windows\System32\ucrtbase.dll
0x00007ffb91db0000 - 0x00007ffb91dc9000 	C:\Program Files\JetBrains\PhpStorm 2020.3.2\jbr\bin\jli.dll
0x00007ffba15f0000 - 0x00007ffba1784000 	C:\Windows\System32\USER32.dll
0x00007ffba12b0000 - 0x00007ffba12d1000 	C:\Windows\System32\win32u.dll
0x00007ffba1f80000 - 0x00007ffba1fa6000 	C:\Windows\System32\GDI32.dll
0x00007ffba0320000 - 0x00007ffba04b4000 	C:\Windows\System32\gdi32full.dll
0x00007ffba11b0000 - 0x00007ffba124e000 	C:\Windows\System32\msvcp_win.dll
0x00007ffb89c70000 - 0x00007ffb89c87000 	C:\Program Files\JetBrains\PhpStorm 2020.3.2\jbr\bin\VCRUNTIME140.dll
0x00007ffb8c900000 - 0x00007ffb8cb85000 	C:\Windows\WinSxS\amd64_microsoft.windows.common-controls_6595b64144ccf1df_6.0.18362.418_none_e6c6b287130d565d\COMCTL32.dll
0x00007ffba1910000 - 0x00007ffba19ae000 	C:\Windows\System32\msvcrt.dll
0x00007ffba2df0000 - 0x00007ffba3126000 	C:\Windows\System32\combase.dll
0x00007ffba17f0000 - 0x00007ffba1910000 	C:\Windows\System32\RPCRT4.dll
0x00007ffba02a0000 - 0x00007ffba0320000 	C:\Windows\System32\bcryptPrimitives.dll
0x00007ffba1fb0000 - 0x00007ffba1fde000 	C:\Windows\System32\IMM32.DLL
0x00007ffb68680000 - 0x00007ffb6871d000 	C:\Program Files\JetBrains\PhpStorm 2020.3.2\jbr\bin\msvcp140.dll
0x00007ffb89090000 - 0x00007ffb89bd9000 	C:\Program Files\JetBrains\PhpStorm 2020.3.2\jbr\bin\server\jvm.dll
0x00007ffba2c30000 - 0x00007ffba2cd3000 	C:\Windows\System32\ADVAPI32.dll
0x00007ffba1550000 - 0x00007ffba15e7000 	C:\Windows\System32\sechost.dll
0x00007ffba1b10000 - 0x00007ffba1b18000 	C:\Windows\System32\PSAPI.DLL
0x00007ffb9c320000 - 0x00007ffb9c329000 	C:\Windows\SYSTEM32\WSOCK32.dll
0x00007ffba1f10000 - 0x00007ffba1f7f000 	C:\Windows\System32\WS2_32.dll
0x00007ffb9cff0000 - 0x00007ffb9d014000 	C:\Windows\SYSTEM32\WINMM.dll
0x00007ffb90700000 - 0x00007ffb9070a000 	C:\Windows\SYSTEM32\VERSION.dll
0x00007ffb9cfc0000 - 0x00007ffb9cfed000 	C:\Windows\SYSTEM32\WINMMBASE.dll
0x00007ffba04e0000 - 0x00007ffba052a000 	C:\Windows\System32\cfgmgr32.dll
0x00007ffba0140000 - 0x00007ffba0151000 	C:\Windows\System32\kernel.appcore.dll
0x00007ffb9c2c0000 - 0x00007ffb9c2d1000 	C:\Program Files\JetBrains\PhpStorm 2020.3.2\jbr\bin\verify.dll
0x00007ffb9e8b0000 - 0x00007ffb9eaa4000 	C:\Windows\SYSTEM32\DBGHELP.DLL
0x00007ffb7eba0000 - 0x00007ffb7ebca000 	C:\Windows\SYSTEM32\dbgcore.DLL
0x00007ffb91dd0000 - 0x00007ffb91df9000 	C:\Program Files\JetBrains\PhpStorm 2020.3.2\jbr\bin\java.dll
0x00007ffb9c310000 - 0x00007ffb9c31b000 	C:\Program Files\JetBrains\PhpStorm 2020.3.2\jbr\bin\jimage.dll
0x00007ffb91d90000 - 0x00007ffb91da8000 	C:\Program Files\JetBrains\PhpStorm 2020.3.2\jbr\bin\zip.dll

dbghelp: loaded successfully - version: 4.0.5 - missing functions: none
symbol engine: initialized successfully - sym options: 0x614 - pdb path: .;C:\Program Files\JetBrains\PhpStorm 2020.3.2\jbr\bin;C:\Windows\SYSTEM32;C:\Windows\WinSxS\amd64_microsoft.windows.common-controls_6595b64144ccf1df_6.0.18362.418_none_e6c6b287130d565d;C:\Program Files\JetBrains\PhpStorm 2020.3.2\jbr\bin\server

VM Arguments:
java_command: org.jetbrains.git4idea.http.GitAskPassApp Username for 'https://gitlab.com': 
java_class_path (initial): C:/Program Files/JetBrains/PhpStorm 2020.3.2/plugins/git4idea/lib/git4idea-rt.jar;C:/Program Files/JetBrains/PhpStorm 2020.3.2/lib/xmlrpc-2.0.1.jar;C:/Program Files/JetBrains/PhpStorm 2020.3.2/lib/commons-codec-1.15.jar
Launcher Type: SUN_STANDARD

[Global flags]
     intx CICompilerCount                          = 3                                         {product} {ergonomic}
     uint ConcGCThreads                            = 1                                         {product} {ergonomic}
     uint G1ConcRefinementThreads                  = 4                                         {product} {ergonomic}
   size_t G1HeapRegionSize                         = 1048576                                   {product} {ergonomic}
    uintx GCDrainStackTargetSize                   = 64                                        {product} {ergonomic}
   size_t InitialHeapSize                          = 132120576                                 {product} {ergonomic}
   size_t MarkStackSize                            = 4194304                                   {product} {ergonomic}
   size_t MaxHeapSize                              = 2084569088                                {product} {ergonomic}
   size_t MinHeapDeltaBytes                        = 1048576                                   {product} {ergonomic}
    uintx NonNMethodCodeHeapSize                   = 5830732                                {pd product} {ergonomic}
    uintx NonProfiledCodeHeapSize                  = 122913754                              {pd product} {ergonomic}
    uintx ProfiledCodeHeapSize                     = 122913754                              {pd product} {ergonomic}
    uintx ReservedCodeCacheSize                    = 251658240                              {pd product} {ergonomic}
     bool SegmentedCodeCache                       = true                                      {product} {ergonomic}
     bool UseCompressedClassPointers               = true                                 {lp64_product} {ergonomic}
     bool UseCompressedOops                        = true                                 {lp64_product} {ergonomic}
     bool UseG1GC                                  = true                                      {product} {ergonomic}
     bool UseLargePagesIndividualAllocation        = false                                  {pd product} {ergonomic}

Logging:
Log output configuration:
 #0: stdout all=warning uptime,level,tags
 #1: stderr all=off uptime,level,tags

Environment Variables:
PATH=C:/Program Files/Git/mingw64/libexec/git-core;C:/Program Files/Git/mingw64/libexec/git-core;C:\Program Files\Git\mingw64\bin;C:\Program Files\Git\usr\bin;C:\Users\user\bin;C:\Program Files\Common Files\Oracle\Java\javapath;C:\Windows\system32;C:\Windows;D:\xampp\php;C:\Program Files\nodejs\;C:\ProgramData\ComposerSetup\bin;C:\Users\user\AppData\Local\Microsoft\WindowsApps;C:\Users\user\AppData\Roaming\Composer\vendor\bin;D:\xampp\php;C:\Windows\System32;C:\Users\user\AppData\Roaming\npm
USERNAME=user
DISPLAY=:0.0
LC_ALL=en_US.UTF-8
OS=Windows_NT
PROCESSOR_IDENTIFIER=Intel64 Family 6 Model 142 Stepping 12, GenuineIntel



---------------  S Y S T E M  ---------------

OS: Windows 10 , 64 bit Build 18362 (10.0.18362.329)
OS uptime: 14 days 1:42 hours

CPU:total 4 (initial active 4) (2 cores per cpu, 2 threads per core) family 6 model 142 stepping 12 microcode 0xde, cmov, cx8, fxsr, mmx, sse, sse2, sse3, ssse3, sse4.1, sse4.2, popcnt, avx, avx2, aes, clmul, erms, 3dnowpref, lzcnt, ht, tsc, tscinvbit, bmi1, bmi2, adx, fma

Memory: 4k page, system-wide physical 7949M (823M free)
TotalPageFile size 20742M (AvailPageFile size 281M)
current process WorkingSet (physical memory assigned to process): 9M, peak: 9M
current process commit charge ("private bytes"): 51M, peak: 177M

vm_info: OpenJDK 64-Bit Server VM (11.0.11+9-b1341.60) for windows-amd64 JRE (11.0.11+9-b1341.60), built on Jun  4 2021 08:17:54 by "" with MS VC++ 14.0 (VS2015)

END.
